DEBUG    [2020-11-01 23:12:55,634] число введено в правильном формате
DEBUG    [2020-11-01 23:12:55,634] Введеное значение не совпадает с возможными
DEBUG    [2020-11-01 23:13:00,091] число введено в правильном формате
INFO     [2020-11-01 23:13:00,091] сделан выбор режима работы
DEBUG    [2020-11-01 23:13:08,067] число введено в правильном формате
DEBUG    [2020-11-01 23:13:08,067] Введеное значение не совпадает с возможными
DEBUG    [2020-11-01 23:13:11,753] число введено в правильном формате
INFO     [2020-11-01 23:13:11,753] сделан выбор используемого алфавита
DEBUG    [2020-11-01 23:13:13,687] выбран неверный формат
DEBUG    [2020-11-01 23:13:20,070] число введено в правильном формате
INFO     [2020-11-01 23:13:20,070] сделан выбор числа смещения
DEBUG    [2020-11-01 23:13:33,984] число введено в правильном формате
DEBUG    [2020-11-01 23:13:33,985] Введеное значение не совпадает с возможными
DEBUG    [2020-11-01 23:13:58,272] число введено в правильном формате
INFO     [2020-11-01 23:13:58,273] сделан выбор запуска программы повторно
DEBUG    [2020-11-01 23:14:06,914] число введено в правильном формате
INFO     [2020-11-01 23:14:06,914] сделан выбор режима работы
DEBUG    [2020-11-01 23:14:12,328] число введено в правильном формате
INFO     [2020-11-01 23:14:12,329] сделан выбор используемого алфавита
DEBUG    [2020-11-01 23:14:14,285] число введено в правильном формате
INFO     [2020-11-01 23:14:14,285] сделан выбор числа смещения
DEBUG    [2020-11-01 23:14:19,748] число введено в правильном формате
INFO     [2020-11-01 23:14:19,749] сделан выбор запуска программы повторно
DEBUG    [2020-11-01 23:14:24,543] число введено в правильном формате
INFO     [2020-11-01 23:14:24,543] сделан выбор режима работы
DEBUG    [2020-11-01 23:14:36,220] число введено в правильном формате
INFO     [2020-11-01 23:14:36,220] сделан выбор используемого алфавита
DEBUG    [2020-11-01 23:14:38,611] выбран неверный формат
DEBUG    [2020-11-01 23:14:41,242] число введено в правильном формате
INFO     [2020-11-01 23:14:41,242] сделан выбор числа смещения
DEBUG    [2020-11-01 23:14:46,063] число введено в правильном формате
INFO     [2020-11-01 23:14:46,063] сделан выбор запуска программы повторно
DEBUG    [2020-11-01 23:14:58,454] число введено в правильном формате
INFO     [2020-11-01 23:14:58,454] сделан выбор режима работы
DEBUG    [2020-11-01 23:14:59,893] число введено в правильном формате
INFO     [2020-11-01 23:14:59,893] сделан выбор используемого алфавита
DEBUG    [2020-11-01 23:15:01,711] число введено в правильном формате
INFO     [2020-11-01 23:15:01,711] сделан выбор числа смещения
DEBUG    [2020-11-01 23:15:08,143] число введено в правильном формате
INFO     [2020-11-01 23:15:08,143] сделан выбор запуска программы повторно
